2025-11-08 22:08:17 - INFO - AGENT_START - ARTICLE_ANALYSIS - Query 'comment faire le signe euros sur pc' - Position 1 (Group 0) - Details: {"article_id":"query_0_position_1","title":"Comment faire le symbole euro sur votre clavier","word_count":1500}
2025-11-08 22:08:17 - INFO - AGENT_COMPLETE - ARTICLE_ANALYSIS - Query 'comment faire le signe euros sur pc' - Position 1 (Group 0) - Details: {"article_id":"query_0_position_1","analysis_success":true,"response_length":2500}
2025-11-08 22:08:17 - INFO - AGENT_START - STRATEGIC_SYNTHESIS - Query 'comment faire le signe euros sur pc' (Group 0) - Details: {"analyses_count":10,"group_id":0}
2025-11-08 22:08:17 - INFO - AGENT_COMPLETE - STRATEGIC_SYNTHESIS - Query 'comment faire le signe euros sur pc' (Group 0) - Details: {"analyses_count":10,"synthesis_success":true,"response_length":3500}
2025-11-08 22:08:17 - INFO - AGENT_START - ANGLE_SELECTION - Query 'comment faire le signe euros sur pc' (Group 0) - Details: {"group_id":0,"synthesis_provided":true}
2025-11-08 22:08:17 - INFO - AGENT_COMPLETE - ANGLE_SELECTION - Query 'comment faire le signe euros sur pc' (Group 0) - Details: {"group_id":0,"angle_selected":"Guide pratique détaillé","selection_success":true,"response_length":1800}
2025-11-08 22:08:17 - INFO - AGENT_ERROR - ARTICLE_ANALYSIS - Query 'test query error' - Position 5 (Group 1) - Error: TimeoutError: Request timed out after 120 seconds
2025-11-08 22:08:17 - INFO - ANALYSIS_SUMMARY - Total Articles: 50, Successful: 47, Groups: 5, Duration: 245.75s
2025-11-08 22:34:35 - INFO - AGENT_START - ARTICLE_ANALYSIS - Query 'comment faire un diaporama' - Position 1 (Group 0) - Details: {"article_id":"query_0_position_1","title":"Power Point - Faire un diaporama en moins de dix minutes - - YouTube","word_count":0}
2025-11-08 22:34:35 - INFO - AGENT_START - ARTICLE_ANALYSIS - Query 'comment faire un diaporama' - Position 3 (Group 0) - Details: {"article_id":"query_0_position_3","title":"Comment Faire Un Bon POWERPOINT : Les BASES [Tutoriel 2020] - YouTube","word_count":0}
2025-11-08 22:34:35 - INFO - AGENT_START - ARTICLE_ANALYSIS - Query 'comment faire un diaporama' - Position 4 (Group 0) - Details: {"article_id":"query_0_position_4","title":"Reddit - Le cœur d’Internet","word_count":108}
2025-11-08 22:34:35 - INFO - AGENT_START - ARTICLE_ANALYSIS - Query 'comment faire un diaporama' - Position 5 (Group 0) - Details: {"article_id":"query_0_position_5","title":"Comment réaliser un diaporama ? - YouTube","word_count":0}
2025-11-08 22:34:35 - INFO - AGENT_START - ARTICLE_ANALYSIS - Query 'comment faire un diaporama' - Position 6 (Group 0) - Details: {"article_id":"query_0_position_6","title":"Présenter des diapositives - Ordinateur - Aide Éditeurs Google Docs","word_count":274}
2025-11-08 22:34:35 - INFO - AGENT_START - ARTICLE_ANALYSIS - Query 'comment faire un diaporama' - Position 7 (Group 0) - Details: {"article_id":"query_0_position_7","title":"Reddit - Le cœur d’Internet","word_count":105}
2025-11-08 22:34:35 - INFO - AGENT_START - ARTICLE_ANALYSIS - Query 'comment faire un diaporama' - Position 8 (Group 0) - Details: {"article_id":"query_0_position_8","title":"Cr&#xE9;er et pr&#xE9;senter un diaporama personnalis&#xE9; - Support Microsoft","word_count":1322}
2025-11-08 22:34:35 - INFO - AGENT_START - ARTICLE_ANALYSIS - Query 'comment faire un diaporama' - Position 9 (Group 0) - Details: {"article_id":"query_0_position_9","title":"Reddit - Le cœur d’Internet","word_count":130}
2025-11-08 22:34:35 - INFO - AGENT_START - ARTICLE_ANALYSIS - Query 'comment faire un diaporama' - Position 10 (Group 0) - Details: {"article_id":"query_0_position_10","title":"Comment créer un diaporama | Microsoft 365","word_count":2867}
2025-11-08 22:34:35 - INFO - AGENT_START - ARTICLE_ANALYSIS - Query 'comment faire le signe euros sur pc' - Position 1 (Group 1) - Details: {"article_id":"query_1_position_1","title":"Comment faire le symbole euro (€) sur clavier d&#39;ordinateur ? - YouTube","word_count":0}
2025-11-08 22:34:49 - INFO - AGENT_COMPLETE - ARTICLE_ANALYSIS - Query 'comment faire un diaporama' - Position 1 (Group 0) - Details: {"article_id":"query_0_position_1","analysis_success":true,"response_length":1611}
2025-11-08 22:34:49 - INFO - AGENT_START - ARTICLE_ANALYSIS - Query 'comment faire le signe euros sur pc' - Position 2 (Group 1) - Details: {"article_id":"query_1_position_2","title":"Symbole euro (€) | Faire le signe euro au clavier (AZERTY, QWERTY)","word_count":309}
2025-11-08 22:34:50 - INFO - AGENT_COMPLETE - ARTICLE_ANALYSIS - Query 'comment faire un diaporama' - Position 3 (Group 0) - Details: {"article_id":"query_0_position_3","analysis_success":true,"response_length":1653}
2025-11-08 22:34:50 - INFO - AGENT_START - ARTICLE_ANALYSIS - Query 'comment faire le signe euros sur pc' - Position 3 (Group 1) - Details: {"article_id":"query_1_position_3","title":"Comment faire la touche euro sur le clavier (€) [facile] - YouTube","word_count":0}
2025-11-08 22:34:50 - INFO - AGENT_COMPLETE - ARTICLE_ANALYSIS - Query 'comment faire le signe euros sur pc' - Position 1 (Group 1) - Details: {"article_id":"query_1_position_1","analysis_success":true,"response_length":1490}
2025-11-08 22:34:50 - INFO - AGENT_START - ARTICLE_ANALYSIS - Query 'comment faire le signe euros sur pc' - Position 4 (Group 1) - Details: {"article_id":"query_1_position_4","title":"Comment Faire le Signe Euro sur PC Clavier : Guide Complet","word_count":766}
2025-11-08 22:34:50 - INFO - AGENT_COMPLETE - ARTICLE_ANALYSIS - Query 'comment faire un diaporama' - Position 4 (Group 0) - Details: {"article_id":"query_0_position_4","analysis_success":true,"response_length":1530}
2025-11-08 22:34:50 - INFO - AGENT_START - ARTICLE_ANALYSIS - Query 'comment faire le signe euros sur pc' - Position 5 (Group 1) - Details: {"article_id":"query_1_position_5","title":"Reddit - Le cœur d’Internet","word_count":119}
2025-11-08 22:34:51 - INFO - AGENT_COMPLETE - ARTICLE_ANALYSIS - Query 'comment faire un diaporama' - Position 5 (Group 0) - Details: {"article_id":"query_0_position_5","analysis_success":true,"response_length":1675}
2025-11-08 22:34:51 - INFO - AGENT_START - ARTICLE_ANALYSIS - Query 'comment faire le signe euros sur pc' - Position 6 (Group 1) - Details: {"article_id":"query_1_position_6","title":"Faire le symbole Euro avec le clavier de… - Communauté Apple","word_count":845}
2025-11-08 22:34:52 - INFO - AGENT_COMPLETE - ARTICLE_ANALYSIS - Query 'comment faire un diaporama' - Position 7 (Group 0) - Details: {"article_id":"query_0_position_7","analysis_success":true,"response_length":2061}
2025-11-08 22:34:52 - INFO - AGENT_START - ARTICLE_ANALYSIS - Query 'comment faire le signe euros sur pc' - Position 7 (Group 1) - Details: {"article_id":"query_1_position_7","title":"Reddit - Le cœur d’Internet","word_count":191}
2025-11-08 22:34:52 - INFO - AGENT_COMPLETE - ARTICLE_ANALYSIS - Query 'comment faire un diaporama' - Position 9 (Group 0) - Details: {"article_id":"query_0_position_9","analysis_success":true,"response_length":2082}
2025-11-08 22:34:52 - INFO - AGENT_START - ARTICLE_ANALYSIS - Query 'comment faire le signe euros sur pc' - Position 8 (Group 1) - Details: {"article_id":"query_1_position_8","title":"Comment faire le signe euro (€) sur un clavier ?","word_count":626}
2025-11-08 22:35:03 - INFO - AGENT_COMPLETE - ARTICLE_ANALYSIS - Query 'comment faire le signe euros sur pc' - Position 3 (Group 1) - Details: {"article_id":"query_1_position_3","analysis_success":true,"response_length":1400}
2025-11-08 22:35:03 - INFO - AGENT_START - ARTICLE_ANALYSIS - Query 'comment faire le signe euros sur pc' - Position 9 (Group 1) - Details: {"article_id":"query_1_position_9","title":"Comment faire le symbole € sur ton clavier ? (PC &amp; Mac)\n\n        &ndash; Tryhard","word_count":605}
2025-11-08 22:35:07 - INFO - AGENT_COMPLETE - ARTICLE_ANALYSIS - Query 'comment faire le signe euros sur pc' - Position 5 (Group 1) - Details: {"article_id":"query_1_position_5","analysis_success":true,"response_length":1931}
2025-11-08 22:35:07 - INFO - AGENT_START - ARTICLE_ANALYSIS - Query 'comment faire le signe euros sur pc' - Position 10 (Group 1) - Details: {"article_id":"query_1_position_10","title":"Symbole euro — Wikipédia","word_count":648}
2025-11-08 22:35:08 - INFO - AGENT_COMPLETE - ARTICLE_ANALYSIS - Query 'comment faire le signe euros sur pc' - Position 7 (Group 1) - Details: {"article_id":"query_1_position_7","analysis_success":true,"response_length":1729}
2025-11-08 22:35:08 - INFO - AGENT_START - ARTICLE_ANALYSIS - Query 'contrôle eclairage voiture gratuit' - Position 1 (Group 2) - Details: {"article_id":"query_2_position_1","title":"Campagne de prévention pneus et éclairage -","word_count":959}
2025-11-08 22:35:10 - INFO - AGENT_COMPLETE - ARTICLE_ANALYSIS - Query 'comment faire un diaporama' - Position 6 (Group 0) - Details: {"article_id":"query_0_position_6","analysis_success":true,"response_length":4951}
2025-11-08 22:35:10 - INFO - AGENT_START - ARTICLE_ANALYSIS - Query 'contrôle eclairage voiture gratuit' - Position 2 (Group 2) - Details: {"article_id":"query_2_position_2","title":"Sécurité routière : faites contrôler gratuitement vos yeux et vos feux jusqu'à fin octobre","word_count":1026}
2025-11-08 22:35:12 - INFO - AGENT_COMPLETE - ARTICLE_ANALYSIS - Query 'comment faire un diaporama' - Position 8 (Group 0) - Details: {"article_id":"query_0_position_8","analysis_success":true,"response_length":5193}
2025-11-08 22:35:12 - INFO - AGENT_START - ARTICLE_ANALYSIS - Query 'contrôle eclairage voiture gratuit' - Position 3 (Group 2) - Details: {"article_id":"query_2_position_3","title":"Reddit - Le cœur d’Internet","word_count":155}
2025-11-08 22:35:19 - INFO - AGENT_COMPLETE - ARTICLE_ANALYSIS - Query 'comment faire un diaporama' - Position 10 (Group 0) - Details: {"article_id":"query_0_position_10","analysis_success":true,"response_length":5665}
2025-11-08 22:35:19 - INFO - AGENT_START - ARTICLE_ANALYSIS - Query 'contrôle eclairage voiture gratuit' - Position 4 (Group 2) - Details: {"article_id":"query_2_position_4","title":"Amazon.fr","word_count":10}
2025-11-08 22:35:20 - INFO - AGENT_ERROR - ARTICLE_ANALYSIS - Query 'comment faire le signe euros sur pc' - Position 2 (Group 1) - Error: Expecting value: line 51 column 115 (char 3457)
2025-11-08 22:35:20 - INFO - AGENT_START - ARTICLE_ANALYSIS - Query 'contrôle eclairage voiture gratuit' - Position 6 (Group 2) - Details: {"article_id":"query_2_position_6","title":"Facebook","word_count":0}
2025-11-08 22:35:21 - INFO - AGENT_COMPLETE - ARTICLE_ANALYSIS - Query 'comment faire le signe euros sur pc' - Position 6 (Group 1) - Details: {"article_id":"query_1_position_6","analysis_success":true,"response_length":3989}
2025-11-08 22:35:21 - INFO - AGENT_START - ARTICLE_ANALYSIS - Query 'contrôle eclairage voiture gratuit' - Position 7 (Group 2) - Details: {"article_id":"query_2_position_7","title":"Midas, les services de votre centre-auto à proximité de chez vous","word_count":0}
2025-11-08 22:35:24 - INFO - AGENT_COMPLETE - ARTICLE_ANALYSIS - Query 'comment faire le signe euros sur pc' - Position 4 (Group 1) - Details: {"article_id":"query_1_position_4","analysis_success":true,"response_length":4393}
2025-11-08 22:35:24 - INFO - AGENT_START - ARTICLE_ANALYSIS - Query 'contrôle eclairage voiture gratuit' - Position 8 (Group 2) - Details: {"article_id":"query_2_position_8","title":"Midas, les services de votre centre à proximité de chez vous","word_count":0}
2025-11-08 22:35:25 - INFO - AGENT_COMPLETE - ARTICLE_ANALYSIS - Query 'comment faire le signe euros sur pc' - Position 8 (Group 1) - Details: {"article_id":"query_1_position_8","analysis_success":true,"response_length":4143}
2025-11-08 22:35:25 - INFO - AGENT_START - ARTICLE_ANALYSIS - Query 'contrôle eclairage voiture gratuit' - Position 9 (Group 2) - Details: {"article_id":"query_2_position_9","title":"Diagnostics, recherche de pannes - Feu Vert","word_count":2300}
2025-11-08 22:35:29 - INFO - AGENT_COMPLETE - ARTICLE_ANALYSIS - Query 'contrôle eclairage voiture gratuit' - Position 3 (Group 2) - Details: {"article_id":"query_2_position_3","analysis_success":true,"response_length":1835}
2025-11-08 22:35:29 - INFO - AGENT_START - ARTICLE_ANALYSIS - Query 'contrôle eclairage voiture gratuit' - Position 10 (Group 2) - Details: {"article_id":"query_2_position_10","title":"Prévention Routière : contrôle gratuit éclairage et essuie-glaces de votre voiture","word_count":206}
2025-11-08 22:35:35 - INFO - AGENT_COMPLETE - ARTICLE_ANALYSIS - Query 'contrôle eclairage voiture gratuit' - Position 4 (Group 2) - Details: {"article_id":"query_2_position_4","analysis_success":true,"response_length":1838}
2025-11-08 22:35:35 - INFO - AGENT_START - ARTICLE_ANALYSIS - Query 'meilleur éclairage pour garage' - Position 1 (Group 3) - Details: {"article_id":"query_3_position_1","title":"Reddit - Le cœur d’Internet","word_count":171}
2025-11-08 22:35:35 - INFO - AGENT_COMPLETE - ARTICLE_ANALYSIS - Query 'contrôle eclairage voiture gratuit' - Position 6 (Group 2) - Details: {"article_id":"query_2_position_6","analysis_success":true,"response_length":1661}
2025-11-08 22:35:35 - INFO - AGENT_START - ARTICLE_ANALYSIS - Query 'meilleur éclairage pour garage' - Position 2 (Group 3) - Details: {"article_id":"query_3_position_2","title":"Quel éclairage pour un garage ?","word_count":3425}
2025-11-08 22:35:36 - INFO - AGENT_COMPLETE - ARTICLE_ANALYSIS - Query 'contrôle eclairage voiture gratuit' - Position 7 (Group 2) - Details: {"article_id":"query_2_position_7","analysis_success":true,"response_length":1538}
2025-11-08 22:35:36 - INFO - AGENT_START - ARTICLE_ANALYSIS - Query 'meilleur éclairage pour garage' - Position 3 (Group 3) - Details: {"article_id":"query_3_position_3","title":"Reddit - Le cœur d’Internet","word_count":180}
2025-11-08 22:35:38 - INFO - AGENT_COMPLETE - ARTICLE_ANALYSIS - Query 'contrôle eclairage voiture gratuit' - Position 8 (Group 2) - Details: {"article_id":"query_2_position_8","analysis_success":true,"response_length":1685}
2025-11-08 22:35:38 - INFO - AGENT_START - ARTICLE_ANALYSIS - Query 'meilleur éclairage pour garage' - Position 4 (Group 3) - Details: {"article_id":"query_3_position_4","title":"Quel éclairage choisir pour un garage ?  | LampesDirect","word_count":1103}
2025-11-08 22:35:41 - INFO - AGENT_COMPLETE - ARTICLE_ANALYSIS - Query 'comment faire le signe euros sur pc' - Position 9 (Group 1) - Details: {"article_id":"query_1_position_9","analysis_success":true,"response_length":5305}
2025-11-08 22:35:41 - INFO - AGENT_START - ARTICLE_ANALYSIS - Query 'meilleur éclairage pour garage' - Position 5 (Group 3) - Details: {"article_id":"query_3_position_5","title":"Quel type d&#39;éclairage est le meilleur pour un garage?\n &ndash; STKR Concepts","word_count":1867}
2025-11-08 22:35:42 - INFO - AGENT_ERROR - ARTICLE_ANALYSIS - Query 'comment faire le signe euros sur pc' - Position 10 (Group 1) - Error: Expecting value: line 51 column 71 (char 4121)
2025-11-08 22:35:42 - INFO - AGENT_START - ARTICLE_ANALYSIS - Query 'meilleur éclairage pour garage' - Position 6 (Group 3) - Details: {"article_id":"query_3_position_6","title":"Quel éclairage LED choisir pour un garage ? | Guide - ALUSON Eclairage","word_count":900}
2025-11-08 22:35:42 - INFO - AGENT_COMPLETE - ARTICLE_ANALYSIS - Query 'contrôle eclairage voiture gratuit' - Position 1 (Group 2) - Details: {"article_id":"query_2_position_1","analysis_success":true,"response_length":4292}
2025-11-08 22:35:42 - INFO - AGENT_START - ARTICLE_ANALYSIS - Query 'meilleur éclairage pour garage' - Position 8 (Group 3) - Details: {"article_id":"query_3_position_8","title":"Comment éclairer un garage ?","word_count":1028}
2025-11-08 22:35:43 - INFO - AGENT_COMPLETE - ARTICLE_ANALYSIS - Query 'contrôle eclairage voiture gratuit' - Position 2 (Group 2) - Details: {"article_id":"query_2_position_2","analysis_success":true,"response_length":3985}
2025-11-08 22:35:43 - INFO - AGENT_START - ARTICLE_ANALYSIS - Query 'meilleur éclairage pour garage' - Position 9 (Group 3) - Details: {"article_id":"query_3_position_9","title":"Idées et Conseils - Éclairage pour Garage et Carrosserie","word_count":107}
2025-11-08 22:35:54 - INFO - AGENT_COMPLETE - ARTICLE_ANALYSIS - Query 'meilleur éclairage pour garage' - Position 3 (Group 3) - Details: {"article_id":"query_3_position_3","analysis_success":true,"response_length":2125}
2025-11-08 22:35:55 - INFO - AGENT_COMPLETE - ARTICLE_ANALYSIS - Query 'meilleur éclairage pour garage' - Position 1 (Group 3) - Details: {"article_id":"query_3_position_1","analysis_success":true,"response_length":2251}
2025-11-08 22:35:59 - INFO - AGENT_COMPLETE - ARTICLE_ANALYSIS - Query 'meilleur éclairage pour garage' - Position 9 (Group 3) - Details: {"article_id":"query_3_position_9","analysis_success":true,"response_length":1635}
2025-11-08 22:36:03 - INFO - AGENT_COMPLETE - ARTICLE_ANALYSIS - Query 'contrôle eclairage voiture gratuit' - Position 10 (Group 2) - Details: {"article_id":"query_2_position_10","analysis_success":true,"response_length":3996}
2025-11-08 22:36:03 - INFO - AGENT_COMPLETE - ARTICLE_ANALYSIS - Query 'contrôle eclairage voiture gratuit' - Position 9 (Group 2) - Details: {"article_id":"query_2_position_9","analysis_success":true,"response_length":5414}
2025-11-08 22:36:15 - INFO - AGENT_COMPLETE - ARTICLE_ANALYSIS - Query 'meilleur éclairage pour garage' - Position 6 (Group 3) - Details: {"article_id":"query_3_position_6","analysis_success":true,"response_length":4544}
2025-11-08 22:36:16 - INFO - AGENT_COMPLETE - ARTICLE_ANALYSIS - Query 'meilleur éclairage pour garage' - Position 4 (Group 3) - Details: {"article_id":"query_3_position_4","analysis_success":true,"response_length":5078}
2025-11-08 22:36:21 - INFO - AGENT_COMPLETE - ARTICLE_ANALYSIS - Query 'meilleur éclairage pour garage' - Position 2 (Group 3) - Details: {"article_id":"query_3_position_2","analysis_success":true,"response_length":6073}
2025-11-08 22:36:23 - INFO - AGENT_COMPLETE - ARTICLE_ANALYSIS - Query 'meilleur éclairage pour garage' - Position 8 (Group 3) - Details: {"article_id":"query_3_position_8","analysis_success":true,"response_length":5092}
2025-11-08 22:36:26 - INFO - AGENT_COMPLETE - ARTICLE_ANALYSIS - Query 'meilleur éclairage pour garage' - Position 5 (Group 3) - Details: {"article_id":"query_3_position_5","analysis_success":true,"response_length":6203}
2025-11-08 22:36:26 - INFO - AGENT_START - STRATEGIC_SYNTHESIS - Query 'comment faire un diaporama' (Group 0) - Details: {"analyses_count":9,"group_id":0}
2025-11-08 22:36:26 - INFO - AGENT_START - STRATEGIC_SYNTHESIS - Query 'comment faire le signe euros sur pc' (Group 1) - Details: {"analyses_count":8,"group_id":1}
2025-11-08 22:36:26 - INFO - AGENT_START - STRATEGIC_SYNTHESIS - Query 'contrôle eclairage voiture gratuit' (Group 2) - Details: {"analyses_count":9,"group_id":2}
2025-11-08 22:36:26 - INFO - AGENT_START - STRATEGIC_SYNTHESIS - Query 'meilleur éclairage pour garage' (Group 3) - Details: {"analyses_count":8,"group_id":3}
2025-11-08 22:37:13 - INFO - AGENT_COMPLETE - STRATEGIC_SYNTHESIS - Query 'contrôle eclairage voiture gratuit' (Group 2) - Details: {"analyses_count":9,"synthesis_success":true,"response_length":6390}
2025-11-08 22:37:21 - INFO - AGENT_COMPLETE - STRATEGIC_SYNTHESIS - Query 'meilleur éclairage pour garage' (Group 3) - Details: {"analyses_count":8,"synthesis_success":true,"response_length":7117}
2025-11-08 22:37:22 - INFO - AGENT_COMPLETE - STRATEGIC_SYNTHESIS - Query 'comment faire un diaporama' (Group 0) - Details: {"analyses_count":9,"synthesis_success":true,"response_length":7736}
2025-11-08 22:37:23 - INFO - AGENT_COMPLETE - STRATEGIC_SYNTHESIS - Query 'comment faire le signe euros sur pc' (Group 1) - Details: {"analyses_count":8,"synthesis_success":true,"response_length":8010}
2025-11-08 22:37:23 - INFO - AGENT_START - ANGLE_SELECTION - Query 'comment faire un diaporama' (Group 0) - Details: {"group_id":0,"synthesis_provided":true}
2025-11-08 22:37:23 - INFO - AGENT_START - ANGLE_SELECTION - Query 'comment faire le signe euros sur pc' (Group 1) - Details: {"group_id":1,"synthesis_provided":true}
2025-11-08 22:37:23 - INFO - AGENT_START - ANGLE_SELECTION - Query 'contrôle eclairage voiture gratuit' (Group 2) - Details: {"group_id":2,"synthesis_provided":true}
2025-11-08 22:37:23 - INFO - AGENT_START - ANGLE_SELECTION - Query 'meilleur éclairage pour garage' (Group 3) - Details: {"group_id":3,"synthesis_provided":true}
2025-11-08 22:37:28 - INFO - AGENT_COMPLETE - ANGLE_SELECTION - Query 'contrôle eclairage voiture gratuit' (Group 2) - Details: {"group_id":2,"angle_selected":"Guide visuel du contrôle idéal avec schémas","selection_success":true,"response_length":446}
2025-11-08 22:37:28 - INFO - AGENT_COMPLETE - ANGLE_SELECTION - Query 'meilleur éclairage pour garage' (Group 3) - Details: {"group_id":3,"angle_selected":"Guide d'optimisation progressive (budget limité → solution idéale)","selection_success":true,"response_length":511}
2025-11-08 22:37:29 - INFO - AGENT_COMPLETE - ANGLE_SELECTION - Query 'comment faire le signe euros sur pc' (Group 1) - Details: {"group_id":1,"angle_selected":"Guide visuel interactif avec simulateur de clavier","selection_success":true,"response_length":484}
2025-11-08 22:37:29 - INFO - AGENT_COMPLETE - ANGLE_SELECTION - Query 'comment faire un diaporama' (Group 0) - Details: {"group_id":0,"angle_selected":"Stratégie narrative et structure pour différents types de présentation (professionnelle, éducative, commerciale)","selection_success":true,"response_length":538}
2025-11-08 22:37:29 - INFO - ANALYSIS_SUMMARY - Total Articles: 36, Successful: 34, Groups: 4, Duration: 173.49s
