2025-10-28 22:25:25 - services.suggest.suggestion_manager - INFO - Logger initialisé pour suggestion_manager - Fichier: logging/suggestion_manager.log
2025-10-28 22:25:46 - services.suggest.suggestion_manager - INFO - Logger initialisé pour suggestion_manager - Fichier: logging/suggestion_manager.log
2025-10-28 22:25:52 - services.suggest.suggestion_manager - INFO - Logger initialisé pour suggestion_manager - Fichier: logging/suggestion_manager.log
2025-10-28 22:26:00 - services.suggest.suggestion_manager - INFO - Logger initialisé pour suggestion_manager - Fichier: logging/suggestion_manager.log
2025-10-28 22:26:12 - services.suggest.suggestion_manager - INFO - Logger initialisé pour suggestion_manager - Fichier: logging/suggestion_manager.log
2025-10-28 22:26:21 - services.suggest.suggestion_manager - INFO - Logger initialisé pour suggestion_manager - Fichier: logging/suggestion_manager.log
2025-10-28 22:26:39 - services.suggest.suggestion_manager - INFO - Logger initialisé pour suggestion_manager - Fichier: logging/suggestion_manager.log
2025-10-28 22:26:59 - services.suggest.suggestion_manager - INFO - Logger initialisé pour suggestion_manager - Fichier: logging/suggestion_manager.log
2025-10-28 22:27:08 - services.suggest.suggestion_manager - INFO - Logger initialisé pour suggestion_manager - Fichier: logging/suggestion_manager.log
2025-10-28 22:27:43 - services.suggest.suggestion_manager - INFO - Logger initialisé pour suggestion_manager - Fichier: logging/suggestion_manager.log
2025-10-28 22:29:38 - services.suggest.suggestion_manager - INFO - Logger initialisé pour suggestion_manager - Fichier: logging/suggestion_manager.log
2025-10-28 22:29:39 - services.suggest.suggestion_manager - INFO - Logger initialisé pour suggestion_manager - Fichier: logging/suggestion_manager.log
2025-10-28 22:29:49 - services.suggest.suggestion_manager - INFO - Génération de suggestions pour: 'eclairage poids lourd et voitures'
2025-10-28 22:29:49 - services.suggest.suggestion_manager - INFO - Utilisation du générateur amélioré
2025-10-28 22:30:00 - services.suggest.suggestion_manager - INFO - Générateur amélioré: 40 suggestions générées
2025-10-28 22:30:53 - services.suggest.suggestion_manager - INFO - Validation pour 'eclairage poids lourd et voitures': 8 éléments sélectionnés
2025-10-28 22:30:53 - services.suggest.suggestion_manager - INFO - Utilisation du core amélioré pour la validation
2025-10-28 22:30:53 - services.suggest.suggestion_manager - INFO - Validation réussie: 32 suggestions restantes
2025-10-28 23:16:15 - services.suggest.suggestion_manager - INFO - Logger initialisé pour suggestion_manager - Fichier: logging/suggestion_manager.log
2025-10-28 23:16:16 - services.suggest.suggestion_manager - INFO - Logger initialisé pour suggestion_manager - Fichier: logging/suggestion_manager.log
